# JRE version: OpenJDK Runtime Environment (8.0_242-b01) (build 1.8.0_242-release-1644-b01)
# Java VM: OpenJDK 64-Bit Server VM (25.242-b01 mixed mode windows-amd64 compressed oops)
Heap:
 PSYoungGen      total 253440K, used 11795K [0x00000000d5580000, 0x00000000ea180000, 0x0000000100000000)
  eden space 233984K, 5% used [0x00000000d5580000,0x00000000d6104e88,0x00000000e3a00000)
  from space 19456K, 0% used [0x00000000e3a00000,0x00000000e3a00000,0x00000000e4d00000)
  to   space 18944K, 0% used [0x00000000e8f00000,0x00000000e8f00000,0x00000000ea180000)
 ParOldGen       total 87040K, used 34617K [0x0000000080000000, 0x0000000085500000, 0x00000000d5580000)
  object space 87040K, 39% used [0x0000000080000000,0x00000000821ce710,0x0000000085500000)
 Metaspace       used 56624K, capacity 59192K, committed 59416K, reserved 1099776K
  class space    used 7736K, capacity 8343K, committed 8368K, reserved 1048576K
GC Heap History (10 events):
Event: 14.366 GC heap before
{Heap before GC invocations=12 (full 2):
 PSYoungGen      total 192512K, used 8860K [0x00000000d5580000, 0x00000000e2180000, 0x0000000100000000)
  eden space 180224K, 0% used [0x00000000d5580000,0x00000000d5580000,0x00000000e0580000)
  from space 12288K, 72% used [0x00000000e1200000,0x00000000e1aa70c0,0x00000000e1e00000)
  to   space 12800K, 0% used [0x00000000e0580000,0x00000000e0580000,0x00000000e1200000)
 ParOldGen       total 33280K, used 13473K [0x0000000080000000, 0x0000000082080000, 0x00000000d5580000)
  object space 33280K, 40% used [0x0000000080000000,0x0000000080d28730,0x0000000082080000)
 Metaspace       used 34321K, capacity 35388K, committed 35496K, reserved 1079296K
  class space    used 4689K, capacity 4965K, committed 5040K, reserved 1048576K
Event: 14.450 GC heap after
Heap after GC invocations=12 (full 2):
 PSYoungGen      total 192512K, used 0K [0x00000000d5580000, 0x00000000e2180000, 0x0000000100000000)
  eden space 180224K, 0% used [0x00000000d5580000,0x00000000d5580000,0x00000000e0580000)
  from space 12288K, 0% used [0x00000000e1200000,0x00000000e1200000,0x00000000e1e00000)
  to   space 12800K, 0% used [0x00000000e0580000,0x00000000e0580000,0x00000000e1200000)
 ParOldGen       total 51712K, used 15888K [0x0000000080000000, 0x0000000083280000, 0x00000000d5580000)
  object space 51712K, 30% used [0x0000000080000000,0x0000000080f84178,0x0000000083280000)
 Metaspace       used 34321K, capacity 35388K, committed 35496K, reserved 1079296K
  class space    used 4689K, capacity 4965K, committed 5040K, reserved 1048576K
}
Event: 19.109 GC heap before
{Heap before GC invocations=13 (full 2):
 PSYoungGen      total 192512K, used 180224K [0x00000000d5580000, 0x00000000e2180000, 0x0000000100000000)
  eden space 180224K, 100% used [0x00000000d5580000,0x00000000e0580000,0x00000000e0580000)
  from space 12288K, 0% used [0x00000000e1200000,0x00000000e1200000,0x00000000e1e00000)
  to   space 12800K, 0% used [0x00000000e0580000,0x00000000e0580000,0x00000000e1200000)
 ParOldGen       total 51712K, used 15888K [0x0000000080000000, 0x0000000083280000, 0x00000000d5580000)
  object space 51712K, 30% used [0x0000000080000000,0x0000000080f84178,0x0000000083280000)
 Metaspace       used 44506K, capacity 46382K, committed 46504K, reserved 1089536K
  class space    used 6030K, capacity 6479K, committed 6576K, reserved 1048576K
Event: 19.136 GC heap after
Heap after GC invocations=13 (full 2):
 PSYoungGen      total 193024K, used 12789K [0x00000000d5580000, 0x00000000e5b80000, 0x0000000100000000)
  eden space 180224K, 0% used [0x00000000d5580000,0x00000000d5580000,0x00000000e0580000)
  from space 12800K, 99% used [0x00000000e0580000,0x00000000e11fd4d0,0x00000000e1200000)
  to   space 14848K, 0% used [0x00000000e4d00000,0x00000000e4d00000,0x00000000e5b80000)
 ParOldGen       total 51712K, used 16435K [0x0000000080000000, 0x0000000083280000, 0x00000000d5580000)
  object space 51712K, 31% used [0x0000000080000000,0x000000008100cc10,0x0000000083280000)
 Metaspace       used 44506K, capacity 46382K, committed 46504K, reserved 1089536K
  class space    used 6030K, capacity 6479K, committed 6576K, reserved 1048576K
}
Event: 23.915 GC heap before
{Heap before GC invocations=14 (full 2):
 PSYoungGen      total 193024K, used 193013K [0x00000000d5580000, 0x00000000e5b80000, 0x0000000100000000)
  eden space 180224K, 100% used [0x00000000d5580000,0x00000000e0580000,0x00000000e0580000)
  from space 12800K, 99% used [0x00000000e0580000,0x00000000e11fd4d0,0x00000000e1200000)
  to   space 14848K, 0% used [0x00000000e4d00000,0x00000000e4d00000,0x00000000e5b80000)
 ParOldGen       total 51712K, used 16435K [0x0000000080000000, 0x0000000083280000, 0x00000000d5580000)
  object space 51712K, 31% used [0x0000000080000000,0x000000008100cc10,0x0000000083280000)
 Metaspace       used 53289K, capacity 55634K, committed 55848K, reserved 1097728K
  class space    used 7136K, capacity 7712K, committed 7728K, reserved 1048576K
Event: 23.946 GC heap after
Heap after GC invocations=14 (full 2):
 PSYoungGen      total 248832K, used 14821K [0x00000000d5580000, 0x00000000e6100000, 0x0000000100000000)
  eden space 233984K, 0% used [0x00000000d5580000,0x00000000d5580000,0x00000000e3a00000)
  from space 14848K, 99% used [0x00000000e4d00000,0x00000000e5b79740,0x00000000e5b80000)
  to   space 19456K, 0% used [0x00000000e3a00000,0x00000000e3a00000,0x00000000e4d00000)
 ParOldGen       total 51712K, used 23119K [0x0000000080000000, 0x0000000083280000, 0x00000000d5580000)
  object space 51712K, 44% used [0x0000000080000000,0x0000000081693d90,0x0000000083280000)
 Metaspace       used 53289K, capacity 55634K, committed 55848K, reserved 1097728K
  class space    used 7136K, capacity 7712K, committed 7728K, reserved 1048576K
}
Event: 27.056 GC heap before
{Heap before GC invocations=15 (full 2):
 PSYoungGen      total 248832K, used 51284K [0x00000000d5580000, 0x00000000e6100000, 0x0000000100000000)
  eden space 233984K, 15% used [0x00000000d5580000,0x00000000d791bc50,0x00000000e3a00000)
  from space 14848K, 99% used [0x00000000e4d00000,0x00000000e5b79740,0x00000000e5b80000)
  to   space 19456K, 0% used [0x00000000e3a00000,0x00000000e3a00000,0x00000000e4d00000)
 ParOldGen       total 51712K, used 23119K [0x0000000080000000, 0x0000000083280000, 0x00000000d5580000)
  object space 51712K, 44% used [0x0000000080000000,0x0000000081693d90,0x0000000083280000)
 Metaspace       used 56540K, capacity 59102K, committed 59160K, reserved 1099776K
  class space    used 7716K, capacity 8312K, committed 8368K, reserved 1048576K
Event: 27.083 GC heap after
Heap after GC invocations=15 (full 2):
 PSYoungGen      total 253440K, used 4412K [0x00000000d5580000, 0x00000000ea180000, 0x0000000100000000)
  eden space 233984K, 0% used [0x00000000d5580000,0x00000000d5580000,0x00000000e3a00000)
  from space 19456K, 22% used [0x00000000e3a00000,0x00000000e3e4f1d8,0x00000000e4d00000)
  to   space 18944K, 0% used [0x00000000e8f00000,0x00000000e8f00000,0x00000000ea180000)
 ParOldGen       total 51712K, used 34006K [0x0000000080000000, 0x0000000083280000, 0x00000000d5580000)
  object space 51712K, 65% used [0x0000000080000000,0x0000000082135b08,0x0000000083280000)
 Metaspace       used 56540K, capacity 59102K, committed 59160K, reserved 1099776K
  class space    used 7716K, capacity 8312K, committed 8368K, reserved 1048576K
}
Event: 27.083 GC heap before
{Heap before GC invocations=16 (full 3):
 PSYoungGen      total 253440K, used 4412K [0x00000000d5580000, 0x00000000ea180000, 0x0000000100000000)
  eden space 233984K, 0% used [0x00000000d5580000,0x00000000d5580000,0x00000000e3a00000)
  from space 19456K, 22% used [0x00000000e3a00000,0x00000000e3e4f1d8,0x00000000e4d00000)
  to   space 18944K, 0% used [0x00000000e8f00000,0x00000000e8f00000,0x00000000ea180000)
 ParOldGen       total 51712K, used 34006K [0x0000000080000000, 0x0000000083280000, 0x00000000d5580000)
  object space 51712K, 65% used [0x0000000080000000,0x0000000082135b08,0x0000000083280000)
 Metaspace       used 56540K, capacity 59102K, committed 59160K, reserved 1099776K
  class space    used 7716K, capacity 8312K, committed 8368K, reserved 1048576K
Event: 27.651 GC heap after
Heap after GC invocations=16 (full 3):
 PSYoungGen      total 253440K, used 0K [0x00000000d5580000, 0x00000000ea180000, 0x0000000100000000)
  eden space 233984K, 0% used [0x00000000d5580000,0x00000000d5580000,0x00000000e3a00000)
  from space 19456K, 0% used [0x00000000e3a00000,0x00000000e3a00000,0x00000000e4d00000)
  to   space 18944K, 0% used [0x00000000e8f00000,0x00000000e8f00000,0x00000000ea180000)
 ParOldGen       total 87040K, used 34617K [0x0000000080000000, 0x0000000085500000, 0x00000000d5580000)
  object space 87040K, 39% used [0x0000000080000000,0x00000000821ce710,0x0000000085500000)
 Metaspace       used 56534K, capacity 59084K, committed 59160K, reserved 1099776K
  class space    used 7715K, capacity 8309K, committed 8368K, reserved 1048576K
}

